  Buidlings.cpp
C:\Users\dogef\Documents\cpp files\intake project\lordsAndCastlesTemplateVer\Buidlings.cpp(192,21): warning C4244: 'initializing': conversion from 'float' to 'int', possible loss of data
C:\Users\dogef\Documents\cpp files\intake project\lordsAndCastlesTemplateVer\Buidlings.cpp(314,21): warning C4244: 'initializing': conversion from 'float' to 'int', possible loss of data
  Button.cpp
  Event.cpp
  game.cpp
  GameScene.cpp
  MenuScene.cpp
  PerspectiveMath.cpp
C:\Users\dogef\Documents\cpp files\intake project\lordsAndCastlesTemplateVer\PerspectiveMath.cpp(6,29): warning C4244: '-=': conversion from 'float' to 'int', possible loss of data
C:\Users\dogef\Documents\cpp files\intake project\lordsAndCastlesTemplateVer\PerspectiveMath.cpp(7,30): warning C4244: '-=': conversion from 'float' to 'int', possible loss of data
C:\Users\dogef\Documents\cpp files\intake project\lordsAndCastlesTemplateVer\PerspectiveMath.cpp(17,20): warning C4244: '=': conversion from 'double' to 'int', possible loss of data
C:\Users\dogef\Documents\cpp files\intake project\lordsAndCastlesTemplateVer\PerspectiveMath.cpp(18,20): warning C4244: '=': conversion from 'double' to 'int', possible loss of data
C:\Users\dogef\Documents\cpp files\intake project\lordsAndCastlesTemplateVer\PerspectiveMath.cpp(41,35): warning C4244: '=': conversion from 'float' to 'int', possible loss of data
C:\Users\dogef\Documents\cpp files\intake project\lordsAndCastlesTemplateVer\PerspectiveMath.cpp(42,35): warning C4244: '=': conversion from 'float' to 'int', possible loss of data
  SpriteSheet.cpp
C:\Users\dogef\Documents\cpp files\intake project\lordsAndCastlesTemplateVer\SpriteSheet.cpp(47,18): warning C4244: 'initializing': conversion from 'int' to 'float', possible loss of data
C:\Users\dogef\Documents\cpp files\intake project\lordsAndCastlesTemplateVer\SpriteSheet.cpp(48,18): warning C4244: 'initializing': conversion from 'int' to 'float', possible loss of data
C:\Users\dogef\Documents\cpp files\intake project\lordsAndCastlesTemplateVer\SpriteSheet.cpp(65,13): warning C4244: 'initializing': conversion from 'float' to 'int', possible loss of data
C:\Users\dogef\Documents\cpp files\intake project\lordsAndCastlesTemplateVer\SpriteSheet.cpp(66,13): warning C4244: 'initializing': conversion from 'float' to 'int', possible loss of data
  surface.cpp
  template.cpp
  Tile.cpp
  Tree.cpp
  WorkerNpc.cpp
C:\Users\dogef\Documents\cpp files\intake project\lordsAndCastlesTemplateVer\Node.h(62,16): warning C4244: 'return': conversion from 'double' to 'int', possible loss of data
  (compiling source file 'WorkerNpc.cpp')
  
C:\Users\dogef\Documents\cpp files\intake project\lordsAndCastlesTemplateVer\WorkerNpc.cpp(67,42): warning C4244: 'argument': conversion from 'int' to 'float', possible loss of data
C:\Users\dogef\Documents\cpp files\intake project\lordsAndCastlesTemplateVer\WorkerNpc.cpp(67,28): warning C4244: 'argument': conversion from 'int' to 'float', possible loss of data
C:\Users\dogef\Documents\cpp files\intake project\lordsAndCastlesTemplateVer\WorkerNpc.cpp(289,53): warning C4267: 'argument': conversion from 'size_t' to 'int', possible loss of data
C:\Users\dogef\Documents\cpp files\intake project\lordsAndCastlesTemplateVer\WorkerNpc.cpp(289,50): warning C4267: 'argument': conversion from 'size_t' to 'int', possible loss of data
C:\Users\dogef\Documents\cpp files\intake project\lordsAndCastlesTemplateVer\WorkerNpc.cpp(296,35): warning C4267: 'argument': conversion from 'size_t' to 'int', possible loss of data
C:\Users\dogef\Documents\cpp files\intake project\lordsAndCastlesTemplateVer\WorkerNpc.cpp(296,32): warning C4267: 'argument': conversion from 'size_t' to 'int', possible loss of data
C:\Users\dogef\Documents\cpp files\intake project\lordsAndCastlesTemplateVer\WorkerNpc.cpp(306,60): warning C4267: 'argument': conversion from 'size_t' to 'int', possible loss of data
C:\Users\dogef\Documents\cpp files\intake project\lordsAndCastlesTemplateVer\WorkerNpc.cpp(306,57): warning C4267: 'argument': conversion from 'size_t' to 'int', possible loss of data
C:\Users\dogef\Documents\cpp files\intake project\lordsAndCastlesTemplateVer\WorkerNpc.cpp(375,57): warning C4267: 'argument': conversion from 'size_t' to 'int', possible loss of data
C:\Users\dogef\Documents\cpp files\intake project\lordsAndCastlesTemplateVer\WorkerNpc.cpp(375,54): warning C4267: 'argument': conversion from 'size_t' to 'int', possible loss of data
C:\Users\dogef\Documents\cpp files\intake project\lordsAndCastlesTemplateVer\WorkerNpc.cpp(388,81): warning C4267: 'argument': conversion from 'size_t' to 'int', possible loss of data
C:\Users\dogef\Documents\cpp files\intake project\lordsAndCastlesTemplateVer\WorkerNpc.cpp(388,78): warning C4267: 'argument': conversion from 'size_t' to 'int', possible loss of data
C:\Users\dogef\Documents\cpp files\intake project\lordsAndCastlesTemplateVer\WorkerNpc.cpp(440,16): warning C4477: 'printf' : format string '%d' requires an argument of type 'int', but variadic argument 1 has type 'unsigned __int64'
  C:\Users\dogef\Documents\cpp files\intake project\lordsAndCastlesTemplateVer\WorkerNpc.cpp(440,16):
  consider using '%zd' in the format string
  
C:\Users\dogef\Documents\cpp files\intake project\lordsAndCastlesTemplateVer\WorkerNpc.cpp(525,53): warning C4267: 'argument': conversion from 'size_t' to 'int', possible loss of data
C:\Users\dogef\Documents\cpp files\intake project\lordsAndCastlesTemplateVer\WorkerNpc.cpp(525,50): warning C4267: 'argument': conversion from 'size_t' to 'int', possible loss of data
C:\Users\dogef\Documents\cpp files\intake project\lordsAndCastlesTemplateVer\WorkerNpc.cpp(532,39): warning C4267: 'argument': conversion from 'size_t' to 'int', possible loss of data
C:\Users\dogef\Documents\cpp files\intake project\lordsAndCastlesTemplateVer\WorkerNpc.cpp(532,36): warning C4267: 'argument': conversion from 'size_t' to 'int', possible loss of data
C:\Users\dogef\Documents\cpp files\intake project\lordsAndCastlesTemplateVer\WorkerNpc.cpp(542,60): warning C4267: 'argument': conversion from 'size_t' to 'int', possible loss of data
C:\Users\dogef\Documents\cpp files\intake project\lordsAndCastlesTemplateVer\WorkerNpc.cpp(542,57): warning C4267: 'argument': conversion from 'size_t' to 'int', possible loss of data
C:\Users\dogef\Documents\cpp files\intake project\lordsAndCastlesTemplateVer\WorkerNpc.cpp(612,57): warning C4267: 'argument': conversion from 'size_t' to 'int', possible loss of data
C:\Users\dogef\Documents\cpp files\intake project\lordsAndCastlesTemplateVer\WorkerNpc.cpp(612,54): warning C4267: 'argument': conversion from 'size_t' to 'int', possible loss of data
C:\Users\dogef\Documents\cpp files\intake project\lordsAndCastlesTemplateVer\WorkerNpc.cpp(625,81): warning C4267: 'argument': conversion from 'size_t' to 'int', possible loss of data
C:\Users\dogef\Documents\cpp files\intake project\lordsAndCastlesTemplateVer\WorkerNpc.cpp(625,78): warning C4267: 'argument': conversion from 'size_t' to 'int', possible loss of data
C:\Users\dogef\Documents\cpp files\intake project\lordsAndCastlesTemplateVer\WorkerNpc.cpp(678,16): warning C4477: 'printf' : format string '%d' requires an argument of type 'int', but variadic argument 1 has type 'unsigned __int64'
  C:\Users\dogef\Documents\cpp files\intake project\lordsAndCastlesTemplateVer\WorkerNpc.cpp(678,16):
  consider using '%zd' in the format string
  
C:\Users\dogef\Documents\cpp files\intake project\lordsAndCastlesTemplateVer\WorkerNpc.cpp(702,63): warning C4244: 'argument': conversion from 'int' to 'float', possible loss of data
C:\Users\dogef\Documents\cpp files\intake project\lordsAndCastlesTemplateVer\WorkerNpc.cpp(702,45): warning C4244: 'argument': conversion from 'int' to 'float', possible loss of data
C:\Users\dogef\Documents\cpp files\intake project\lordsAndCastlesTemplateVer\WorkerNpc.cpp(704,68): warning C4244: 'argument': conversion from 'double' to 'float', possible loss of data
C:\Users\dogef\Documents\cpp files\intake project\lordsAndCastlesTemplateVer\WorkerNpc.cpp(704,43): warning C4244: 'argument': conversion from 'double' to 'float', possible loss of data
  Generating Code...
  buasIntake.vcxproj -> C:\Users\dogef\Documents\cpp files\intake project\lordsAndCastlesTemplateVer\buasIntake_x64_debug.exe
